2025-02-23 00:03:56,122 - ERROR    - Close_TXWD: failed
2025-02-23 00:03:56,386 - INFO     - QQ_login: successful
2025-02-23 00:03:56,548 - INFO     - Accept_the_agreement1: successful
2025-02-23 00:03:58,572 - ERROR    - Accept_the_agreement2: failed
2025-02-23 00:03:58,594 - ERROR    - Automatically_log_in_next_time: failed
2025-02-23 00:04:27,343 - ERROR    - Close_TXWD: failed
2025-02-23 00:04:27,610 - INFO     - QQ_login: successful
2025-02-23 00:04:27,763 - INFO     - Accept_the_agreement1: successful
2025-02-23 00:04:29,804 - ERROR    - Accept_the_agreement2: failed
2025-02-23 00:04:31,853 - ERROR    - Automatically_log_in_next_time: failed
2025-02-23 00:04:40,091 - INFO     - Click_avatar_to_login: successful
2025-02-23 00:04:40,165 - INFO     - Fill_out_another: successful
2025-02-23 00:04:46,385 - INFO     - Fill_out_the_form: successful
2025-02-23 00:04:46,484 - INFO     - Submit: successful
2025-02-23 00:08:56,644 - ERROR    - Close_TXWD: failed
2025-02-23 00:08:56,911 - INFO     - QQ_login: successful
2025-02-23 00:08:57,037 - INFO     - Accept_the_agreement1: successful
2025-02-23 00:08:59,074 - ERROR    - Accept_the_agreement2: failed
2025-02-23 00:09:01,137 - ERROR    - Automatically_log_in_next_time: failed
2025-02-23 00:09:09,389 - INFO     - Click_avatar_to_login: successful
2025-02-23 00:09:09,471 - INFO     - Fill_out_another: successful
2025-02-23 00:09:15,791 - INFO     - Fill_out_the_form: successful
2025-02-23 00:09:15,895 - INFO     - Submit: successful
2025-02-23 00:11:26,903 - ERROR    - Close_TXWD: failed
2025-02-23 00:11:27,223 - INFO     - QQ_login: successful
2025-02-23 00:11:27,336 - INFO     - Accept_the_agreement1: successful
2025-02-23 00:11:29,372 - ERROR    - Accept_the_agreement2: failed
2025-02-23 00:11:31,408 - ERROR    - Automatically_log_in_next_time: failed
2025-02-23 00:11:43,759 - INFO     - Click_avatar_to_login: successful
2025-02-23 00:11:43,827 - INFO     - Fill_out_another: successful
2025-02-23 00:11:50,083 - INFO     - Fill_out_the_form: successful
2025-02-23 00:11:50,188 - INFO     - Submit: successful
2025-02-23 00:13:07,127 - ERROR    - Close_TXWD: failed
2025-02-23 00:13:07,416 - INFO     - QQ_login: successful
2025-02-23 00:13:07,484 - INFO     - Accept_the_agreement1: successful
2025-02-23 00:13:09,502 - ERROR    - Accept_the_agreement2: failed
2025-02-23 00:13:11,586 - ERROR    - Automatically_log_in_next_time: failed
2025-02-23 00:13:19,866 - INFO     - Click_avatar_to_login: successful
2025-02-23 00:13:19,946 - INFO     - Fill_out_another: successful
2025-02-23 00:13:26,180 - INFO     - Fill_out_the_form: successful
2025-02-23 00:13:26,279 - INFO     - Submit: successful
